-------------------------------------------------------------------------------
Test set: com.hrms.runners.SmokeRunner
-------------------------------------------------------------------------------
Tests run: 2, Failures: 1, Errors: 0, Skipped: 0, Time elapsed: 22.693 s <<< FAILURE! - in com.hrms.runners.SmokeRunner
Login.Invalid Login  Time elapsed: 8.737 s  <<< FAILURE!
java.lang.AssertionError: Error message is not displayed

