<?xml version="1.0" encoding="UTF-8"?>
<testsuite xmlns:xsi="http://www.w3.org/2001/XMLSchema-instance" xsi:noNamespaceSchemaLocation="https://maven.apache.org/surefire/maven-surefire-plugin/xsd/surefire-test-report-3.0.xsd" version="3.0" name="com.hrms.runners.SmokeRunner" time="22.693" tests="2" errors="0" skipped="0" failures="1">
  <properties>
[...]
</properties>
  <testcase name="valid Login" classname="Login" time="13.422"/>
  <testcase name="Invalid Login" classname="Login" time="8.737">
    <failure message="Error message is not displayed" type="java.lang.AssertionError"><![CDATA[java.lang.AssertionError: Error message is not displayed
]]></failure>
    <system-out><![CDATA[Starting Scenario Invalid Login
Ending Scenario Invalid Login
]]></system-out>
    <system-err><![CDATA[Starting ChromeDriver 79.0.3945.36 (3582db32b33893869b8c1339e8f4d9ed1816f143-refs/branch-heads/3945@{#614}) on port 19522
Only local connections are allowed.
Please protect ports used by ChromeDriver and related test frameworks to prevent access by malicious code.
[1580669795.304][WARNING]: Timed out connecting to Chrome, retrying...
Feb 02, 2020 1:56:37 PM org.openqa.selenium.remote.ProtocolHandshake createSession
INFO: Detected dialect: W3C
]]></system-err>
  </testcase>
</testsuite>